
--- Module:   C:\qp_lab\qpc\examples\arm-cm\dpp_ek-tm4c123gxl\philo.c (C)
"C:\qp_lab\qpc\ports\arm-cm\qk\gnu\qf_port.h" 77 13 Note 961: Violates MISRA 2004 Advisory Rule 19.7, Function-like macro defined: 'QF_PRIMASK_DISABLE' 
"C:\qp_lab\qpc\ports\arm-cm\qk\gnu\qf_port.h" 77 59 Note 960: Violates MISRA 2004 Required Rule 19.4, Disallowed definition for macro 'QF_PRIMASK_DISABLE'
"C:\qp_lab\qpc\ports\arm-cm\qk\gnu\qf_port.h" 78 13 Note 961: Violates MISRA 2004 Advisory Rule 19.7, Function-like macro defined: 'QF_PRIMASK_ENABLE' 
"C:\qp_lab\qpc\ports\arm-cm\qk\gnu\qf_port.h" 78 59 Note 960: Violates MISRA 2004 Required Rule 19.4, Disallowed definition for macro 'QF_PRIMASK_ENABLE'
"C:\qp_lab\qpc\ports\arm-cm\qk\gnu\qf_port.h" 108 13 Note 961: Violates MISRA 2004 Advisory Rule 19.7, Function-like macro defined: 'QF_GET_BASEPRI' 
"C:\qp_lab\qpc\ports\arm-cm\qk\gnu\qf_port.h" 109 47 Note 960: Violates MISRA 2004 Required Rule 19.4, Disallowed definition for macro 'QF_GET_BASEPRI'
"C:\qp_lab\qpc\ports\arm-cm\qk\gnu\qk_port.h" 47 8 Note 950: Non-ANSI reserved word or construct: 'inline' [MISRA 2004 Rule 1.1, required], [MISRA 2004 Rule 2.2, required]
"C:\qp_lab\qpc\ports\arm-cm\qk\gnu\qk_port.h" 47 15 Warning 618: Storage class specified after a type
"C:\qp_lab\qpc\ports\arm-cm\qk\gnu\qk_port.h" 47 15 Note 963: Qualifier const or volatile precedes a type; use +fqb to reverse the test
"C:\qp_lab\qpc\ports\arm-cm\qk\gnu\qk_port.h" 47 42 Note 960: Violates MISRA 2004 Required Rule 8.5, object/function definition in header file: 'QK_get_IPSR' 
"C:\qp_lab\qpc\ports\arm-cm\qk\gnu\qk_port.h" 48 21 Note 960: Violates MISRA 2004 Required Rule 8.5, object/function definition in header file: 'regIPSR' 
"C:\qp_lab\qpc\ports\arm-cm\qk\gnu\qk_port.h" 49 52 Note 960: Violates MISRA 2004 Required Rule 14.3, null statement not in line by itself
"C:\qp_lab\qpc\ports\arm-cm\qk\gnu\qk_port.h" 50 19 Warning 530: Symbol 'regIPSR' (line 48) not initialized [MISRA 2004 Rule 9.1, required]
"C:\qp_lab\qpc\ports\arm-cm\qk\gnu\qk_port.h" 48 1 Info 830: Location cited in prior message
"C:\qp_lab\qpc\ports\arm-cm\qk\gnu\qk_port.h" 65 9 Note 961: Violates MISRA 2004 Advisory Rule 19.7, Function-like macro defined: 'QK_INIT' 
"C:\qp_lab\qpc\ports\arm-cm\qk\gnu\qk_port.h" 65 27 Note 960: Violates MISRA 2004 Required Rule 19.4, Disallowed definition for macro 'QK_INIT'
"C:\qp_lab\qpc\include\qpc.h" 98 9 Note 961: Violates MISRA 2004 Advisory Rule 19.7, Function-like macro defined: 'QMSM_INIT' 
"C:\qp_lab\qpc\include\qpc.h" 98 53 Note 960: Violates MISRA 2004 Required Rule 19.4, Disallowed definition for macro 'QMSM_INIT'
"C:\qp_lab\qpc\include\qpc.h" 102 9 Note 961: Violates MISRA 2004 Advisory Rule 19.7, Function-like macro defined: 'QMSM_DISPATCH' 
"C:\qp_lab\qpc\include\qpc.h" 102 57 Note 960: Violates MISRA 2004 Required Rule 19.4, Disallowed definition for macro 'QMSM_DISPATCH'
"C:\qp_lab\qpc\examples\arm-cm\dpp_ek-tm4c123gxl\dpp.h" 35 76 Note 960: Violates MISRA 2004 Required Rule 10.1, Implicit conversion changes signedness
"C:\qp_lab\qpc\examples\arm-cm\dpp_ek-tm4c123gxl\dpp.h" 35 77 Note 960: Violates MISRA 2004 Required Rule 10.1, Implicit conversion changes signedness
"C:\qp_lab\qpc\examples\arm-cm\dpp_ek-tm4c123gxl\philo.c" 26 76 Note 960: Violates MISRA 2004 Required Rule 10.1, Implicit conversion changes signedness
"C:\qp_lab\qpc\examples\arm-cm\dpp_ek-tm4c123gxl\philo.c" 26 77 Note 960: Violates MISRA 2004 Required Rule 10.1, Implicit conversion changes signedness
"C:\qp_lab\qpc\examples\arm-cm\dpp_ek-tm4c123gxl\philo.c" 121 42 Warning 534: Ignoring return value of function 'QTimeEvt_disarm(struct QTimeEvt *)' (compare with line 495, file C:\qp_lab\qpc\include\qf.h) [Encompasses MISRA 2004 Rule 16.10, required]
"C:\qp_lab\qpc\include\qf.h" 495 1 Info 830: Location cited in prior message

--- Module:   C:\qp_lab\qpc\examples\arm-cm\dpp_ek-tm4c123gxl\table.c (C)
"C:\qp_lab\qpc\ports\arm-cm\qk\gnu\qf_port.h" 77 13 Note 961: Violates MISRA 2004 Advisory Rule 19.7, Function-like macro defined: 'QF_PRIMASK_DISABLE' 
"C:\qp_lab\qpc\ports\arm-cm\qk\gnu\qf_port.h" 77 59 Note 960: Violates MISRA 2004 Required Rule 19.4, Disallowed definition for macro 'QF_PRIMASK_DISABLE'
"C:\qp_lab\qpc\ports\arm-cm\qk\gnu\qf_port.h" 78 13 Note 961: Violates MISRA 2004 Advisory Rule 19.7, Function-like macro defined: 'QF_PRIMASK_ENABLE' 
"C:\qp_lab\qpc\ports\arm-cm\qk\gnu\qf_port.h" 78 59 Note 960: Violates MISRA 2004 Required Rule 19.4, Disallowed definition for macro 'QF_PRIMASK_ENABLE'
"C:\qp_lab\qpc\ports\arm-cm\qk\gnu\qf_port.h" 108 13 Note 961: Violates MISRA 2004 Advisory Rule 19.7, Function-like macro defined: 'QF_GET_BASEPRI' 
"C:\qp_lab\qpc\ports\arm-cm\qk\gnu\qf_port.h" 109 47 Note 960: Violates MISRA 2004 Required Rule 19.4, Disallowed definition for macro 'QF_GET_BASEPRI'
"C:\qp_lab\qpc\ports\arm-cm\qk\gnu\qk_port.h" 47 8 Note 950: Non-ANSI reserved word or construct: 'inline' [MISRA 2004 Rule 1.1, required], [MISRA 2004 Rule 2.2, required]
"C:\qp_lab\qpc\ports\arm-cm\qk\gnu\qk_port.h" 47 15 Warning 618: Storage class specified after a type
"C:\qp_lab\qpc\ports\arm-cm\qk\gnu\qk_port.h" 47 15 Note 963: Qualifier const or volatile precedes a type; use +fqb to reverse the test
"C:\qp_lab\qpc\ports\arm-cm\qk\gnu\qk_port.h" 47 42 Note 960: Violates MISRA 2004 Required Rule 8.5, object/function definition in header file: 'QK_get_IPSR' 
"C:\qp_lab\qpc\ports\arm-cm\qk\gnu\qk_port.h" 48 21 Note 960: Violates MISRA 2004 Required Rule 8.5, object/function definition in header file: 'regIPSR' 
"C:\qp_lab\qpc\ports\arm-cm\qk\gnu\qk_port.h" 49 52 Note 960: Violates MISRA 2004 Required Rule 14.3, null statement not in line by itself
"C:\qp_lab\qpc\ports\arm-cm\qk\gnu\qk_port.h" 50 19 Warning 530: Symbol 'regIPSR' (line 48) not initialized [MISRA 2004 Rule 9.1, required]
"C:\qp_lab\qpc\ports\arm-cm\qk\gnu\qk_port.h" 48 1 Info 830: Location cited in prior message
"C:\qp_lab\qpc\ports\arm-cm\qk\gnu\qk_port.h" 65 9 Note 961: Violates MISRA 2004 Advisory Rule 19.7, Function-like macro defined: 'QK_INIT' 
"C:\qp_lab\qpc\ports\arm-cm\qk\gnu\qk_port.h" 65 27 Note 960: Violates MISRA 2004 Required Rule 19.4, Disallowed definition for macro 'QK_INIT'
"C:\qp_lab\qpc\include\qpc.h" 98 9 Note 961: Violates MISRA 2004 Advisory Rule 19.7, Function-like macro defined: 'QMSM_INIT' 
"C:\qp_lab\qpc\include\qpc.h" 98 53 Note 960: Violates MISRA 2004 Required Rule 19.4, Disallowed definition for macro 'QMSM_INIT'
"C:\qp_lab\qpc\include\qpc.h" 102 9 Note 961: Violates MISRA 2004 Advisory Rule 19.7, Function-like macro defined: 'QMSM_DISPATCH' 
"C:\qp_lab\qpc\include\qpc.h" 102 57 Note 960: Violates MISRA 2004 Required Rule 19.4, Disallowed definition for macro 'QMSM_DISPATCH'
"C:\qp_lab\qpc\examples\arm-cm\dpp_ek-tm4c123gxl\dpp.h" 35 76 Note 960: Violates MISRA 2004 Required Rule 10.1, Implicit conversion changes signedness
"C:\qp_lab\qpc\examples\arm-cm\dpp_ek-tm4c123gxl\dpp.h" 35 77 Note 960: Violates MISRA 2004 Required Rule 10.1, Implicit conversion changes signedness
"C:\qp_lab\qpc\examples\arm-cm\dpp_ek-tm4c123gxl\table.c" 26 76 Note 960: Violates MISRA 2004 Required Rule 10.1, Implicit conversion changes signedness
"C:\qp_lab\qpc\examples\arm-cm\dpp_ek-tm4c123gxl\table.c" 26 77 Note 960: Violates MISRA 2004 Required Rule 10.1, Implicit conversion changes signedness
"C:\qp_lab\qpc\examples\arm-cm\dpp_ek-tm4c123gxl\table.c" 56 18 Error 18: Symbol 'AO_Table' redeclared (ptrs to strong) conflicts with line 61, file C:\qp_lab\qpc\examples\arm-cm\dpp_ek-tm4c123gxl\dpp.h, module C:\qp_lab\qpc\examples\arm-cm\dpp_ek-tm4c123gxl\philo.c [Encompasses MISRA 2004 Rule 8.3, required], [Encompasses MISRA 2004 Rule 8.4, required]
"C:\qp_lab\qpc\examples\arm-cm\dpp_ek-tm4c123gxl\dpp.h" 61 1 Info 830: Location cited in prior message
"C:\qp_lab\qpc\examples\arm-cm\dpp_ek-tm4c123gxl\table.c" 117 21 Warning 527: Unreachable code at token 'status_' [MISRA 2004 Rule 14.1, required]
"C:\qp_lab\qpc\examples\arm-cm\dpp_ek-tm4c123gxl\table.c" 225 21 Warning 527: Unreachable code at token 'status_' [MISRA 2004 Rule 14.1, required]
"C:\qp_lab\qpc\examples\arm-cm\dpp_ek-tm4c123gxl\dpp.h" 61 1 Note 960: Violates MISRA 2004 Required Rule 8.7, could define variable at block scope: 'AO_Table' at location line 61, file C:\qp_lab\qpc\examples\arm-cm\dpp_ek-tm4c123gxl\dpp.h, module C:\qp_lab\qpc\examples\arm-cm\dpp_ek-tm4c123gxl\philo.c

/// Start of Pass 2 ///

--- Module:   C:\qp_lab\qpc\examples\arm-cm\dpp_ek-tm4c123gxl\philo.c (C)

--- Module:   C:\qp_lab\qpc\examples\arm-cm\dpp_ek-tm4c123gxl\table.c (C)

--- Global Wrap-up

 Note 960: Violates MISRA 2004 Required Rule 8.9, undefined symbol: 'the_Ticker0' 
 Note 960: Violates MISRA 2004 Required Rule 8.9, undefined symbol: 'QTicker_ctor' 
 Note 960: Violates MISRA 2004 Required Rule 8.9, undefined symbol: 'Q_APP_BUILD_DATE' 
 Note 960: Violates MISRA 2004 Required Rule 8.9, undefined symbol: 'Q_APP_BUILD_TIME' 
 Note 960: Violates MISRA 2004 Required Rule 8.9, undefined symbol: 'QMActive_ctor' 
"C:\qp_lab\qpc\examples\arm-cm\dpp_ek-tm4c123gxl\table.c" 60 1 Info 759: header declaration for symbol 'Table_ctor(void)' defined at (line 60, file C:\qp_lab\qpc\examples\arm-cm\dpp_ek-tm4c123gxl\table.c) could be moved from header to module
"C:\qp_lab\qpc\examples\arm-cm\dpp_ek-tm4c123gxl\table.c" 60 1 Info 765: external 'Table_ctor(void)' (line 60, file C:\qp_lab\qpc\examples\arm-cm\dpp_ek-tm4c123gxl\table.c) could be made static [MISRA 2004 Rule 8.10, required]
 Note 960: Violates MISRA 2004 Required Rule 8.9, undefined symbol: 'QK_init' 
 Note 960: Violates MISRA 2004 Required Rule 8.9, undefined symbol: 'QF_noTimeEvtsActiveX' 
"C:\qp_lab\qpc\include\qf.h" 667 1 Warning 526: Symbol 'QF_newX_(uint_fast16_t, uint_fast16_t, enum_t)' (line 667, file C:\qp_lab\qpc\include\qf.h, module C:\qp_lab\qpc\examples\arm-cm\dpp_ek-tm4c123gxl\philo.c) not defined
 Note 960: Violates MISRA 2004 Required Rule 8.9, undefined symbol: 'QF_newX_' 
 Note 960: Violates MISRA 2004 Required Rule 8.9, undefined symbol: 'QF_newRef_' 
"C:\qp_lab\qpc\examples\arm-cm\dpp_ek-tm4c123gxl\bsp.h" 40 1 Warning 526: Symbol 'BSP_displayPaused(uint8_t)' (line 40, file C:\qp_lab\qpc\examples\arm-cm\dpp_ek-tm4c123gxl\bsp.h, module C:\qp_lab\qpc\examples\arm-cm\dpp_ek-tm4c123gxl\philo.c) not defined
 Note 960: Violates MISRA 2004 Required Rule 8.9, undefined symbol: 'BSP_displayPaused' 
"C:\qp_lab\qpc\examples\arm-cm\dpp_ek-tm4c123gxl\bsp.h" 41 1 Warning 526: Symbol 'BSP_displayPhilStat(uint8_t, const char_t *)' (line 41, file C:\qp_lab\qpc\examples\arm-cm\dpp_ek-tm4c123gxl\bsp.h, module C:\qp_lab\qpc\examples\arm-cm\dpp_ek-tm4c123gxl\philo.c) not defined
 Note 960: Violates MISRA 2004 Required Rule 8.9, undefined symbol: 'BSP_displayPhilStat' 
 Note 960: Violates MISRA 2004 Required Rule 8.9, undefined symbol: 'BSP_init' 
 Note 960: Violates MISRA 2004 Required Rule 8.9, undefined symbol: 'BSP_randomSeed' 
"C:\qp_lab\qpc\examples\arm-cm\dpp_ek-tm4c123gxl\bsp.h" 45 1 Warning 526: Symbol 'BSP_random(void)' (line 45, file C:\qp_lab\qpc\examples\arm-cm\dpp_ek-tm4c123gxl\bsp.h, module C:\qp_lab\qpc\examples\arm-cm\dpp_ek-tm4c123gxl\philo.c) not defined
 Note 960: Violates MISRA 2004 Required Rule 8.9, undefined symbol: 'BSP_random' 
 Note 960: Violates MISRA 2004 Required Rule 8.9, undefined symbol: 'BSP_ledOn' 
 Note 960: Violates MISRA 2004 Required Rule 8.9, undefined symbol: 'BSP_ledOff' 
 Note 960: Violates MISRA 2004 Required Rule 8.9, undefined symbol: 'BSP_terminate' 
 Note 960: Violates MISRA 2004 Required Rule 8.9, undefined symbol: 'BSP_wait4PB1' 
 Note 960: Violates MISRA 2004 Required Rule 8.9, undefined symbol: 'QF_onStartup' 
 Note 960: Violates MISRA 2004 Required Rule 8.9, undefined symbol: 'QF_onCleanup' 
 Note 960: Violates MISRA 2004 Required Rule 8.9, undefined symbol: 'QP_versionStr' 
 Note 960: Violates MISRA 2004 Required Rule 8.9, undefined symbol: 'QF_poolInit' 
 Note 960: Violates MISRA 2004 Required Rule 8.9, undefined symbol: 'QF_poolGetMaxBlockSize' 
 Note 960: Violates MISRA 2004 Required Rule 8.9, undefined symbol: 'QF_psInit' 
"C:\qp_lab\qpc\include\qf.h" 594 1 Warning 526: Symbol 'QF_publish_(const QEvt *)' (line 594, file C:\qp_lab\qpc\include\qf.h, module C:\qp_lab\qpc\examples\arm-cm\dpp_ek-tm4c123gxl\philo.c) not defined
 Note 960: Violates MISRA 2004 Required Rule 8.9, undefined symbol: 'QF_publish_' 
 Note 960: Violates MISRA 2004 Required Rule 8.9, undefined symbol: 'QF_active_' 
 Note 960: Violates MISRA 2004 Required Rule 8.9, undefined symbol: 'QF_add_' 
 Note 960: Violates MISRA 2004 Required Rule 8.9, undefined symbol: 'QF_run' 
 Note 960: Violates MISRA 2004 Required Rule 8.9, undefined symbol: 'QF_remove_' 
 Note 960: Violates MISRA 2004 Required Rule 8.9, undefined symbol: 'QF_bzero' 
"C:\qp_lab\qpc\include\qf.h" 163 1 Warning 526: Symbol 'QActive_ctor(struct QActive *, QStateHandler)' (line 163, file C:\qp_lab\qpc\include\qf.h, module C:\qp_lab\qpc\examples\arm-cm\dpp_ek-tm4c123gxl\philo.c) not defined
 Note 960: Violates MISRA 2004 Required Rule 8.9, undefined symbol: 'QActive_ctor' 
 Note 960: Violates MISRA 2004 Required Rule 8.9, undefined symbol: 'QActive_postLIFO_' 
 Note 960: Violates MISRA 2004 Required Rule 8.9, undefined symbol: 'QActive_defer' 
 Note 960: Violates MISRA 2004 Required Rule 8.9, undefined symbol: 'QActive_flushDeferred' 
 Note 960: Violates MISRA 2004 Required Rule 8.9, undefined symbol: 'QActive_get_' 
 Note 960: Violates MISRA 2004 Required Rule 8.9, undefined symbol: 'QActive_post_' 
 Note 960: Violates MISRA 2004 Required Rule 8.9, undefined symbol: 'QActive_recall' 
 Note 960: Violates MISRA 2004 Required Rule 8.9, undefined symbol: 'QActive_start_' 
 Note 960: Violates MISRA 2004 Required Rule 8.9, undefined symbol: 'QActive_stop' 
"C:\qp_lab\qpc\include\qf.h" 328 1 Warning 526: Symbol 'QActive_subscribe(const struct QActive *, enum_t)' (line 328, file C:\qp_lab\qpc\include\qf.h, module C:\qp_lab\qpc\examples\arm-cm\dpp_ek-tm4c123gxl\philo.c) not defined
 Note 960: Violates MISRA 2004 Required Rule 8.9, undefined symbol: 'QActive_subscribe' 
 Note 960: Violates MISRA 2004 Required Rule 8.9, undefined symbol: 'QActive_unsubscribe' 
 Note 960: Violates MISRA 2004 Required Rule 8.9, undefined symbol: 'QActive_unsubscribeAll' 
 Note 960: Violates MISRA 2004 Required Rule 8.9, undefined symbol: 'QF_stop' 
 Note 960: Violates MISRA 2004 Required Rule 8.9, undefined symbol: 'QHsm_childState_' 
 Note 960: Violates MISRA 2004 Required Rule 8.9, undefined symbol: 'QHsm_ctor' 
 Note 960: Violates MISRA 2004 Required Rule 8.9, undefined symbol: 'QHsm_dispatch_' 
 Note 960: Violates MISRA 2004 Required Rule 8.9, undefined symbol: 'QHsm_init_' 
 Note 960: Violates MISRA 2004 Required Rule 8.9, undefined symbol: 'QHsm_isIn' 
"C:\qp_lab\qpc\include\qep.h" 360 1 Warning 526: Symbol 'QHsm_top(const void *, const QEvt *)' (line 360, file C:\qp_lab\qpc\include\qep.h, module C:\qp_lab\qpc\examples\arm-cm\dpp_ek-tm4c123gxl\philo.c) not defined
 Note 960: Violates MISRA 2004 Required Rule 8.9, undefined symbol: 'QHsm_top' 
 Note 960: Violates MISRA 2004 Required Rule 8.9, undefined symbol: 'QK_onIdle' 
 Note 960: Violates MISRA 2004 Required Rule 8.9, undefined symbol: 'QF_tickX_' 
"C:\qp_lab\qpc\include\qf.h" 488 1 Warning 526: Symbol 'QTimeEvt_armX(struct QTimeEvt *, QTimeEvtCtr, QTimeEvtCtr)' (line 488, file C:\qp_lab\qpc\include\qf.h, module C:\qp_lab\qpc\examples\arm-cm\dpp_ek-tm4c123gxl\philo.c) not defined
 Note 960: Violates MISRA 2004 Required Rule 8.9, undefined symbol: 'QTimeEvt_armX' 
"C:\qp_lab\qpc\include\qf.h" 484 1 Warning 526: Symbol 'QTimeEvt_ctorX(struct QTimeEvt *, struct QActive *, enum_t, uint_fast8_t)' (line 484, file C:\qp_lab\qpc\include\qf.h, module C:\qp_lab\qpc\examples\arm-cm\dpp_ek-tm4c123gxl\philo.c) not defined
 Note 960: Violates MISRA 2004 Required Rule 8.9, undefined symbol: 'QTimeEvt_ctorX' 
 Note 960: Violates MISRA 2004 Required Rule 8.9, undefined symbol: 'QTimeEvt_rearm' 
"C:\qp_lab\qpc\include\qf.h" 495 1 Warning 526: Symbol 'QTimeEvt_disarm(struct QTimeEvt *)' (line 495, file C:\qp_lab\qpc\include\qf.h, module C:\qp_lab\qpc\examples\arm-cm\dpp_ek-tm4c123gxl\philo.c) not defined
 Note 960: Violates MISRA 2004 Required Rule 8.9, undefined symbol: 'QTimeEvt_disarm' 
 Note 960: Violates MISRA 2004 Required Rule 8.9, undefined symbol: 'QTimeEvt_ctr' 
 Note 960: Violates MISRA 2004 Required Rule 8.9, undefined symbol: 'QEQueue_get' 
 Note 960: Violates MISRA 2004 Required Rule 8.9, undefined symbol: 'QEQueue_init' 
 Note 960: Violates MISRA 2004 Required Rule 8.9, undefined symbol: 'QEQueue_post' 
 Note 960: Violates MISRA 2004 Required Rule 8.9, undefined symbol: 'QEQueue_postLIFO' 
 Note 960: Violates MISRA 2004 Required Rule 8.9, undefined symbol: 'QK_activate_' 
 Note 960: Violates MISRA 2004 Required Rule 8.9, undefined symbol: 'QK_attr_' 
 Note 960: Violates MISRA 2004 Required Rule 8.9, undefined symbol: 'QF_gc' 
"C:\qp_lab\qpc\examples\arm-cm\dpp_ek-tm4c123gxl\philo.c" 68 1 Info 759: header declaration for symbol 'Philo_ctor(void)' defined at (line 68, file C:\qp_lab\qpc\examples\arm-cm\dpp_ek-tm4c123gxl\philo.c) could be moved from header to module
"C:\qp_lab\qpc\examples\arm-cm\dpp_ek-tm4c123gxl\philo.c" 68 1 Info 765: external 'Philo_ctor(void)' (line 68, file C:\qp_lab\qpc\examples\arm-cm\dpp_ek-tm4c123gxl\philo.c) could be made static [MISRA 2004 Rule 8.10, required]
 Note 960: Violates MISRA 2004 Required Rule 8.9, undefined symbol: 'QF_getPoolMin' 
 Note 960: Violates MISRA 2004 Required Rule 8.9, undefined symbol: 'QF_getQueueMin' 
 Note 960: Violates MISRA 2004 Required Rule 8.9, undefined symbol: 'QMPool_get' 
 Note 960: Violates MISRA 2004 Required Rule 8.9, undefined symbol: 'QMPool_init' 
 Note 960: Violates MISRA 2004 Required Rule 8.9, undefined symbol: 'QMPool_put' 
"C:\qp_lab\qpc\include\qassert.h" 229 1 Warning 526: Symbol 'Q_onAssert(const char_t *, int_t)' (line 229, file C:\qp_lab\qpc\include\qassert.h, module C:\qp_lab\qpc\examples\arm-cm\dpp_ek-tm4c123gxl\philo.c) not defined
 Note 960: Violates MISRA 2004 Required Rule 8.9, undefined symbol: 'Q_onAssert' 
 Note 960: Violates MISRA 2004 Required Rule 8.9, undefined symbol: 'QK_sched_' 
 Note 960: Violates MISRA 2004 Required Rule 8.9, undefined symbol: 'QK_schedLock' 
 Note 960: Violates MISRA 2004 Required Rule 8.9, undefined symbol: 'QK_schedUnlock' 
 Note 960: Violates MISRA 2004 Required Rule 8.9, undefined symbol: 'QMsm_childStateObj_' 
 Note 960: Violates MISRA 2004 Required Rule 8.9, undefined symbol: 'QMsm_ctor' 
 Note 960: Violates MISRA 2004 Required Rule 8.9, undefined symbol: 'QMsm_dispatch_' 
 Note 960: Violates MISRA 2004 Required Rule 8.9, undefined symbol: 'QMsm_init_' 
 Note 960: Violates MISRA 2004 Required Rule 8.9, undefined symbol: 'QMsm_isInState' 
 Note 960: Violates MISRA 2004 Required Rule 8.9, undefined symbol: 'QF_init' 
"C:\qp_lab\qpc\examples\arm-cm\dpp_ek-tm4c123gxl\philo.c" 58 1 Info 759: header declaration for symbol 'AO_Philo' defined at (line 58, file C:\qp_lab\qpc\examples\arm-cm\dpp_ek-tm4c123gxl\philo.c) could be moved from header to module
"C:\qp_lab\qpc\examples\arm-cm\dpp_ek-tm4c123gxl\philo.c" 58 1 Info 765: external 'AO_Philo' (line 58, file C:\qp_lab\qpc\examples\arm-cm\dpp_ek-tm4c123gxl\philo.c) could be made static [MISRA 2004 Rule 8.10, required]
"C:\qp_lab\qpc\include\qep.h" 496 1 Info 769: global enumeration constant 'Q_RET_SUPER_SUB' (line 496, file C:\qp_lab\qpc\include\qep.h) not referenced
"C:\qp_lab\qpc\include\qep.h" 501 1 Info 769: global enumeration constant 'Q_RET_IGNORED' (line 501, file C:\qp_lab\qpc\include\qep.h) not referenced
"C:\qp_lab\qpc\include\qep.h" 504 1 Info 769: global enumeration constant 'Q_RET_ENTRY' (line 504, file C:\qp_lab\qpc\include\qep.h) not referenced
"C:\qp_lab\qpc\include\qep.h" 505 1 Info 769: global enumeration constant 'Q_RET_EXIT' (line 505, file C:\qp_lab\qpc\include\qep.h) not referenced
"C:\qp_lab\qpc\include\qep.h" 508 1 Info 769: global enumeration constant 'Q_RET_NULL' (line 508, file C:\qp_lab\qpc\include\qep.h) not referenced
"C:\qp_lab\qpc\include\qep.h" 512 1 Info 769: global enumeration constant 'Q_RET_TRAN_INIT' (line 512, file C:\qp_lab\qpc\include\qep.h) not referenced
"C:\qp_lab\qpc\include\qep.h" 513 1 Info 769: global enumeration constant 'Q_RET_TRAN_HIST' (line 513, file C:\qp_lab\qpc\include\qep.h) not referenced
"C:\qp_lab\qpc\include\qep.h" 514 1 Info 769: global enumeration constant 'Q_RET_TRAN_EP' (line 514, file C:\qp_lab\qpc\include\qep.h) not referenced
"C:\qp_lab\qpc\include\qep.h" 515 1 Info 769: global enumeration constant 'Q_RET_TRAN_XP' (line 515, file C:\qp_lab\qpc\include\qep.h) not referenced
"C:\qp_lab\qpc\include\qep.h" 608 1 Info 769: global enumeration constant 'Q_INIT_SIG' (line 608, file C:\qp_lab\qpc\include\qep.h) not referenced
"C:\qp_lab\qpc\examples\arm-cm\dpp_ek-tm4c123gxl\dpp.h" 27 1 Info 769: global enumeration constant 'DPPSignals::MAX_PUB_SIG' (line 27, file C:\qp_lab\qpc\examples\arm-cm\dpp_ek-tm4c123gxl\dpp.h) not referenced
"C:\qp_lab\qpc\examples\arm-cm\dpp_ek-tm4c123gxl\dpp.h" 31 1 Info 769: global enumeration constant 'DPPSignals::MAX_SIG' (line 31, file C:\qp_lab\qpc\examples\arm-cm\dpp_ek-tm4c123gxl\dpp.h) not referenced

Count   Type    Number  Text

1       Error   18      Symbol '___' redeclared (___) ___
12      Warning 526     Symbol '___' (___) not defined
2       Warning 527     Unreachable code at token '___'
2       Warning 530     Symbol '___' (___) not initialized
1       Warning 534     Ignoring return value of function '___' (compare with ___)
2       Warning 618     Storage class specified after a type
3       Info    759     header declaration for symbol '___' defined at (___) could be moved from header to module
3       Info    765     external '___' (___) could be made static
12      Info    769     global enumeration constant '___' (___) not referenced
2       Note    950     Non-ANSI reserved word or construct: '___'
105     Note    960     Violates MISRA 2004 Required Rule ___, ___
12      Note    961     Violates MISRA 2004 Advisory Rule ___, ___
2       Note    963     Qualifier const or volatile ___ a type; use ___ to reverse the test
